<?xml version="1.0" encoding="utf-8"?>
<TestRun id="5369fdcb-5056-49e4-b0f7-74bfbe2ff85c" name="@DESKTOP-5PC3ASS 2021-05-11 23:47:16" xmlns="http://microsoft.com/schemas/VisualStudio/TeamTest/2010">
  <Times creation="2021-05-11T23:47:16.2821073-04:00" queuing="2021-05-11T23:47:16.2821073-04:00" start="2021-05-11T23:47:15.1826893-04:00" finish="2021-05-11T23:47:16.3238051-04:00" />
  <TestSettings name="default" id="061789ef-c8a6-44e8-a8de-9d40ac527466">
    <Deployment runDeploymentRoot="_DESKTOP-5PC3ASS_2021-05-11_23_47_16" />
  </TestSettings>
  <Results>
    <UnitTestResult executionId="556f2b6e-cadc-4cb0-be95-3b166b9eebff" testId="0f0c8707-7781-17f0-9b60-45badbe65928" testName="PizzaBox.Testing.Tests.SizeTest.Test_SizeContents(size: Large)" computerName="DESKTOP-5PC3ASS" duration="00:00:00.0033260" startTime="2021-05-11T23:47:16.2166590-04:00" endTime="2021-05-11T23:47:16.2166592-04:00" testType="13cdc9d9-ddb5-4fa4-a97d-d965ccfc6d4b" outcome="Passed" testListId="8c84fa94-04c1-424b-9868-57a2d4851a1d" relativeResultsDirectory="556f2b6e-cadc-4cb0-be95-3b166b9eebff" />
    <UnitTestResult executionId="3ce3102a-3cb6-40e0-beab-42e4f7d0f365" testId="1d284cec-445e-8d9b-adec-4bc180b04231" testName="PizzaBox.Testing.Tests.PizzaTest.Test_PizzaContentstype(pizza: Custom Pizza - Original - Large - Cheese, Sauce)" computerName="DESKTOP-5PC3ASS" duration="00:00:00.0000030" startTime="2021-05-11T23:47:16.2502170-04:00" endTime="2021-05-11T23:47:16.2502171-04:00" testType="13cdc9d9-ddb5-4fa4-a97d-d965ccfc6d4b" outcome="Passed" testListId="8c84fa94-04c1-424b-9868-57a2d4851a1d" relativeResultsDirectory="3ce3102a-3cb6-40e0-beab-42e4f7d0f365" />
    <UnitTestResult executionId="b0783520-8674-40d9-87af-fa887b3c5152" testId="4b972c28-cdec-5ddf-198c-c0621b3bc1ff" testName="PizzaBox.Testing.Tests.PizzaTest.Test_PizzaCalc(pizza: Custom Pizza - Original - Large - Cheese, Sauce)" computerName="DESKTOP-5PC3ASS" duration="00:00:00.0000040" startTime="2021-05-11T23:47:16.2175498-04:00" endTime="2021-05-11T23:47:16.2175499-04:00" testType="13cdc9d9-ddb5-4fa4-a97d-d965ccfc6d4b" outcome="Passed" testListId="8c84fa94-04c1-424b-9868-57a2d4851a1d" relativeResultsDirectory="b0783520-8674-40d9-87af-fa887b3c5152" />
    <UnitTestResult executionId="935a4b0e-895a-4631-95e3-188b1d7f863b" testId="4b972c28-cdec-5ddf-198c-c0621b3bc1ff" testName="PizzaBox.Testing.Tests.PizzaTest.Test_PizzaCalc(pizza: Veggie Pizza - Original - Large - Spinach, Mushroom, Olives, Cheese, Sauce)" computerName="DESKTOP-5PC3ASS" duration="00:00:00.0000397" startTime="2021-05-11T23:47:16.2173725-04:00" endTime="2021-05-11T23:47:16.2173731-04:00" testType="13cdc9d9-ddb5-4fa4-a97d-d965ccfc6d4b" outcome="Passed" testListId="8c84fa94-04c1-424b-9868-57a2d4851a1d" relativeResultsDirectory="935a4b0e-895a-4631-95e3-188b1d7f863b" />
    <UnitTestResult executionId="2a6c88d5-5875-40f1-a92f-e795ef697498" testId="4b972c28-cdec-5ddf-198c-c0621b3bc1ff" testName="PizzaBox.Testing.Tests.PizzaTest.Test_PizzaCalc(pizza: Meat Lover's Pizza - Original - Large - Pepperoni, Bacon, Beef, Cheese, Sauce)" computerName="DESKTOP-5PC3ASS" duration="00:00:00.0033777" startTime="2021-05-11T23:47:16.2136814-04:00" endTime="2021-05-11T23:47:16.2137419-04:00" testType="13cdc9d9-ddb5-4fa4-a97d-d965ccfc6d4b" outcome="Passed" testListId="8c84fa94-04c1-424b-9868-57a2d4851a1d" relativeResultsDirectory="2a6c88d5-5875-40f1-a92f-e795ef697498" />
    <UnitTestResult executionId="eb6fb9ef-55d7-4edd-9129-de77ceb8dbba" testId="d4682ac5-750e-a5a4-eed5-c30dca3257ce" testName="PizzaBox.Testing.Tests.PizzaTest.Test_PizzaContents(pizza: Custom Pizza - Original - Large - Cheese, Sauce)" computerName="DESKTOP-5PC3ASS" duration="00:00:00.0000033" startTime="2021-05-11T23:47:16.2468462-04:00" endTime="2021-05-11T23:47:16.2468463-04:00" testType="13cdc9d9-ddb5-4fa4-a97d-d965ccfc6d4b" outcome="Passed" testListId="8c84fa94-04c1-424b-9868-57a2d4851a1d" relativeResultsDirectory="eb6fb9ef-55d7-4edd-9129-de77ceb8dbba" />
    <UnitTestResult executionId="6cce1e65-eaad-4ae8-b261-f4ff945e96ae" testId="1d284cec-445e-8d9b-adec-4bc180b04231" testName="PizzaBox.Testing.Tests.PizzaTest.Test_PizzaContentstype(pizza: Meat Lover's Pizza - Original - Large - Pepperoni, Bacon, Beef, Cheese, Sauce)" computerName="DESKTOP-5PC3ASS" duration="00:00:00.0001494" startTime="2021-05-11T23:47:16.2469394-04:00" endTime="2021-05-11T23:47:16.2469395-04:00" testType="13cdc9d9-ddb5-4fa4-a97d-d965ccfc6d4b" outcome="Passed" testListId="8c84fa94-04c1-424b-9868-57a2d4851a1d" relativeResultsDirectory="6cce1e65-eaad-4ae8-b261-f4ff945e96ae" />
    <UnitTestResult executionId="fd7b5ae8-360c-4d4a-9398-e4c52642b51e" testId="1d284cec-445e-8d9b-adec-4bc180b04231" testName="PizzaBox.Testing.Tests.PizzaTest.Test_PizzaContentstype(pizza: Veggie Pizza - Original - Large - Spinach, Mushroom, Olives, Cheese, Sauce)" computerName="DESKTOP-5PC3ASS" duration="00:00:00.0000065" startTime="2021-05-11T23:47:16.2501684-04:00" endTime="2021-05-11T23:47:16.2501688-04:00" testType="13cdc9d9-ddb5-4fa4-a97d-d965ccfc6d4b" outcome="Passed" testListId="8c84fa94-04c1-424b-9868-57a2d4851a1d" relativeResultsDirectory="fd7b5ae8-360c-4d4a-9398-e4c52642b51e" />
    <UnitTestResult executionId="8d3071d7-6279-44db-aa3c-a13c6a4c4061" testId="d4682ac5-750e-a5a4-eed5-c30dca3257ce" testName="PizzaBox.Testing.Tests.PizzaTest.Test_PizzaContents(pizza: Meat Lover's Pizza - Original - Large - Pepperoni, Bacon, Beef, Cheese, Sauce)" computerName="DESKTOP-5PC3ASS" duration="00:00:00.0002515" startTime="2021-05-11T23:47:16.2467804-04:00" endTime="2021-05-11T23:47:16.2467805-04:00" testType="13cdc9d9-ddb5-4fa4-a97d-d965ccfc6d4b" outcome="Passed" testListId="8c84fa94-04c1-424b-9868-57a2d4851a1d" relativeResultsDirectory="8d3071d7-6279-44db-aa3c-a13c6a4c4061" />
    <UnitTestResult executionId="502ffb9e-863e-42ee-a9c7-85093223cc32" testId="4b972c28-cdec-5ddf-198c-c0621b3bc1ff" testName="PizzaBox.Testing.Tests.PizzaTest.Test_PizzaCalc(pizza: Cheese Pizza - Original - Large - Cheese, Cheese, Cheese, Cheese, Sauce)" computerName="DESKTOP-5PC3ASS" duration="00:00:00.0000056" startTime="2021-05-11T23:47:16.2175180-04:00" endTime="2021-05-11T23:47:16.2175181-04:00" testType="13cdc9d9-ddb5-4fa4-a97d-d965ccfc6d4b" outcome="Passed" testListId="8c84fa94-04c1-424b-9868-57a2d4851a1d" relativeResultsDirectory="502ffb9e-863e-42ee-a9c7-85093223cc32" />
    <UnitTestResult executionId="fdb477fb-8672-4a89-8980-31936342f0fa" testId="0f0c8707-7781-17f0-9b60-45badbe65928" testName="PizzaBox.Testing.Tests.SizeTest.Test_SizeContents(size: Small)" computerName="DESKTOP-5PC3ASS" duration="00:00:00.0000053" startTime="2021-05-11T23:47:16.2175689-04:00" endTime="2021-05-11T23:47:16.2175690-04:00" testType="13cdc9d9-ddb5-4fa4-a97d-d965ccfc6d4b" outcome="Passed" testListId="8c84fa94-04c1-424b-9868-57a2d4851a1d" relativeResultsDirectory="fdb477fb-8672-4a89-8980-31936342f0fa" />
    <UnitTestResult executionId="f1091b7c-58ff-4268-a7ff-bed4c7c9ed05" testId="1d284cec-445e-8d9b-adec-4bc180b04231" testName="PizzaBox.Testing.Tests.PizzaTest.Test_PizzaContentstype(pizza: Cheese Pizza - Original - Large - Cheese, Cheese, Cheese, Cheese, Sauce)" computerName="DESKTOP-5PC3ASS" duration="00:00:00.0000041" startTime="2021-05-11T23:47:16.2501960-04:00" endTime="2021-05-11T23:47:16.2501961-04:00" testType="13cdc9d9-ddb5-4fa4-a97d-d965ccfc6d4b" outcome="Passed" testListId="8c84fa94-04c1-424b-9868-57a2d4851a1d" relativeResultsDirectory="f1091b7c-58ff-4268-a7ff-bed4c7c9ed05" />
    <UnitTestResult executionId="1f802773-021d-49ec-af5e-ad9edf894152" testId="ff172ccb-c83e-4d2f-96a7-90c5db2e8ead" testName="PizzaBox.Testing.Tests.StoreTests.Test_ChicagoStore" computerName="DESKTOP-5PC3ASS" duration="00:00:00.0026461" startTime="2021-05-11T23:47:16.2166768-04:00" endTime="2021-05-11T23:47:16.2166769-04:00" testType="13cdc9d9-ddb5-4fa4-a97d-d965ccfc6d4b" outcome="Passed" testListId="8c84fa94-04c1-424b-9868-57a2d4851a1d" relativeResultsDirectory="1f802773-021d-49ec-af5e-ad9edf894152" />
    <UnitTestResult executionId="8215a3aa-61ca-409d-a5cf-a43526194f63" testId="cbc71a6b-035a-ec5b-e126-6c3898cd9752" testName="PizzaBox.Testing.Tests.StoreTests.Test_NewYorkStore" computerName="DESKTOP-5PC3ASS" duration="00:00:00.0001263" startTime="2021-05-11T23:47:16.2466738-04:00" endTime="2021-05-11T23:47:16.2466743-04:00" testType="13cdc9d9-ddb5-4fa4-a97d-d965ccfc6d4b" outcome="Passed" testListId="8c84fa94-04c1-424b-9868-57a2d4851a1d" relativeResultsDirectory="8215a3aa-61ca-409d-a5cf-a43526194f63" />
    <UnitTestResult executionId="881ee509-b836-482d-937d-b9ec69e82dbe" testId="e1521a1a-be36-ab5d-af26-c46c7d20c230" testName="PizzaBox.Testing.Tests.OrderTest.Test_OrderContentstype(order: RegOrder { Customer = Marcangy Cange, EntityID = 0, ID = 0, Pizzas = [Meat Lover's Pizza - Original - Large - Pepperoni, Bacon, Beef, Cheese, Sauce], Store = NewYorkStore, ... })" computerName="DESKTOP-5PC3ASS" duration="00:00:00.0025855" startTime="2021-05-11T23:47:16.2166217-04:00" endTime="2021-05-11T23:47:16.2166221-04:00" testType="13cdc9d9-ddb5-4fa4-a97d-d965ccfc6d4b" outcome="Passed" testListId="8c84fa94-04c1-424b-9868-57a2d4851a1d" relativeResultsDirectory="881ee509-b836-482d-937d-b9ec69e82dbe" />
    <UnitTestResult executionId="c0d80d21-5f7c-4139-95b4-69f72509b8c6" testId="1b344adc-215d-0755-233c-5c5b2b7e5032" testName="PizzaBox.Testing.Tests.OrderTest.Test_OrderContents(order: RegOrder { Customer = Marcangy Cange, EntityID = 0, ID = 0, Pizzas = [Meat Lover's Pizza - Original - Large - Pepperoni, Bacon, Beef, Cheese, Sauce], Store = NewYorkStore, ... })" computerName="DESKTOP-5PC3ASS" duration="00:00:00.0001087" startTime="2021-05-11T23:47:16.2467498-04:00" endTime="2021-05-11T23:47:16.2467499-04:00" testType="13cdc9d9-ddb5-4fa4-a97d-d965ccfc6d4b" outcome="Passed" testListId="8c84fa94-04c1-424b-9868-57a2d4851a1d" relativeResultsDirectory="c0d80d21-5f7c-4139-95b4-69f72509b8c6" />
    <UnitTestResult executionId="adf00f61-9056-4fd8-9abf-2827b51d907f" testId="d28246f8-6477-b806-99c0-54e7f99db7c0" testName="PizzaBox.Testing.Tests.StoreTests.Test_StoreName(store: NewYorkStore)" computerName="DESKTOP-5PC3ASS" duration="00:00:00.0005666" startTime="2021-05-11T23:47:16.2469226-04:00" endTime="2021-05-11T23:47:16.2469227-04:00" testType="13cdc9d9-ddb5-4fa4-a97d-d965ccfc6d4b" outcome="Passed" testListId="8c84fa94-04c1-424b-9868-57a2d4851a1d" relativeResultsDirectory="adf00f61-9056-4fd8-9abf-2827b51d907f" />
    <UnitTestResult executionId="a9a6e39c-c406-4eea-b02f-7f8c42b7281e" testId="0f0c8707-7781-17f0-9b60-45badbe65928" testName="PizzaBox.Testing.Tests.SizeTest.Test_SizeContents(size: Medium)" computerName="DESKTOP-5PC3ASS" duration="00:00:00.0000187" startTime="2021-05-11T23:47:16.2175400-04:00" endTime="2021-05-11T23:47:16.2175401-04:00" testType="13cdc9d9-ddb5-4fa4-a97d-d965ccfc6d4b" outcome="Passed" testListId="8c84fa94-04c1-424b-9868-57a2d4851a1d" relativeResultsDirectory="a9a6e39c-c406-4eea-b02f-7f8c42b7281e" />
    <UnitTestResult executionId="68a312ba-d911-493d-994d-389e20fd97c1" testId="4c66a340-94aa-86f0-ebef-b976d282cb29" testName="PizzaBox.Testing.Tests.OrderTest.Test_PizzaCalc(order: RegOrder { Customer = Marcangy Cange, EntityID = 0, ID = 0, Pizzas = [Meat Lover's Pizza - Original - Large - Pepperoni, Bacon, Beef, Cheese, Sauce], Store = NewYorkStore, ... })" computerName="DESKTOP-5PC3ASS" duration="00:00:00.0001526" startTime="2021-05-11T23:47:16.2469012-04:00" endTime="2021-05-11T23:47:16.2469014-04:00" testType="13cdc9d9-ddb5-4fa4-a97d-d965ccfc6d4b" outcome="Passed" testListId="8c84fa94-04c1-424b-9868-57a2d4851a1d" relativeResultsDirectory="68a312ba-d911-493d-994d-389e20fd97c1" />
    <UnitTestResult executionId="86604813-aa37-449d-ab89-57047e2ca5d1" testId="d4682ac5-750e-a5a4-eed5-c30dca3257ce" testName="PizzaBox.Testing.Tests.PizzaTest.Test_PizzaContents(pizza: Cheese Pizza - Original - Large - Cheese, Cheese, Cheese, Cheese, Sauce)" computerName="DESKTOP-5PC3ASS" duration="00:00:00.0000038" startTime="2021-05-11T23:47:16.2468238-04:00" endTime="2021-05-11T23:47:16.2468238-04:00" testType="13cdc9d9-ddb5-4fa4-a97d-d965ccfc6d4b" outcome="Passed" testListId="8c84fa94-04c1-424b-9868-57a2d4851a1d" relativeResultsDirectory="86604813-aa37-449d-ab89-57047e2ca5d1" />
    <UnitTestResult executionId="d9ce0e68-396a-4ad1-a9b2-680a2d6b06c9" testId="d4682ac5-750e-a5a4-eed5-c30dca3257ce" testName="PizzaBox.Testing.Tests.PizzaTest.Test_PizzaContents(pizza: Veggie Pizza - Original - Large - Spinach, Mushroom, Olives, Cheese, Sauce)" computerName="DESKTOP-5PC3ASS" duration="00:00:00.0000093" startTime="2021-05-11T23:47:16.2468018-04:00" endTime="2021-05-11T23:47:16.2468018-04:00" testType="13cdc9d9-ddb5-4fa4-a97d-d965ccfc6d4b" outcome="Passed" testListId="8c84fa94-04c1-424b-9868-57a2d4851a1d" relativeResultsDirectory="d9ce0e68-396a-4ad1-a9b2-680a2d6b06c9" />
    <UnitTestResult executionId="54738f0e-bf1b-4d2b-88e7-927831648633" testId="d28246f8-6477-b806-99c0-54e7f99db7c0" testName="PizzaBox.Testing.Tests.StoreTests.Test_StoreName(store: ChicagoStore)" computerName="DESKTOP-5PC3ASS" duration="00:00:00.0000070" startTime="2021-05-11T23:47:16.2469638-04:00" endTime="2021-05-11T23:47:16.2469639-04:00" testType="13cdc9d9-ddb5-4fa4-a97d-d965ccfc6d4b" outcome="Passed" testListId="8c84fa94-04c1-424b-9868-57a2d4851a1d" relativeResultsDirectory="54738f0e-bf1b-4d2b-88e7-927831648633" />
  </Results>
  <TestDefinitions>
    <UnitTest name="PizzaBox.Testing.Tests.StoreTests.Test_ChicagoStore" storage="/home/marc/revature/project_pizzabox_web/pizzabox.testing/bin/debug/net5.0/pizzabox.testing.dll" id="ff172ccb-c83e-4d2f-96a7-90c5db2e8ead">
      <Execution id="1f802773-021d-49ec-af5e-ad9edf894152" />
      <TestMethod codeBase="/home/marc/revature/project_pizzabox_web/PizzaBox.Testing/bin/Debug/net5.0/PizzaBox.Testing.dll" adapterTypeName="executor://xunit/VsTestRunner2/netcoreapp" className="PizzaBox.Testing.Tests.StoreTests" name="Test_ChicagoStore" />
    </UnitTest>
    <UnitTest name="PizzaBox.Testing.Tests.PizzaTest.Test_PizzaCalc" storage="/home/marc/revature/project_pizzabox_web/pizzabox.testing/bin/debug/net5.0/pizzabox.testing.dll" id="4b972c28-cdec-5ddf-198c-c0621b3bc1ff">
      <Execution id="2a6c88d5-5875-40f1-a92f-e795ef697498" />
      <TestMethod codeBase="/home/marc/revature/project_pizzabox_web/PizzaBox.Testing/bin/Debug/net5.0/PizzaBox.Testing.dll" adapterTypeName="executor://xunit/VsTestRunner2/netcoreapp" className="PizzaBox.Testing.Tests.PizzaTest" name="Test_PizzaCalc" />
    </UnitTest>
    <UnitTest name="PizzaBox.Testing.Tests.StoreTests.Test_NewYorkStore" storage="/home/marc/revature/project_pizzabox_web/pizzabox.testing/bin/debug/net5.0/pizzabox.testing.dll" id="cbc71a6b-035a-ec5b-e126-6c3898cd9752">
      <Execution id="8215a3aa-61ca-409d-a5cf-a43526194f63" />
      <TestMethod codeBase="/home/marc/revature/project_pizzabox_web/PizzaBox.Testing/bin/Debug/net5.0/PizzaBox.Testing.dll" adapterTypeName="executor://xunit/VsTestRunner2/netcoreapp" className="PizzaBox.Testing.Tests.StoreTests" name="Test_NewYorkStore" />
    </UnitTest>
    <UnitTest name="PizzaBox.Testing.Tests.PizzaTest.Test_PizzaContentstype" storage="/home/marc/revature/project_pizzabox_web/pizzabox.testing/bin/debug/net5.0/pizzabox.testing.dll" id="1d284cec-445e-8d9b-adec-4bc180b04231">
      <Execution id="6cce1e65-eaad-4ae8-b261-f4ff945e96ae" />
      <TestMethod codeBase="/home/marc/revature/project_pizzabox_web/PizzaBox.Testing/bin/Debug/net5.0/PizzaBox.Testing.dll" adapterTypeName="executor://xunit/VsTestRunner2/netcoreapp" className="PizzaBox.Testing.Tests.PizzaTest" name="Test_PizzaContentstype" />
    </UnitTest>
    <UnitTest name="PizzaBox.Testing.Tests.OrderTest.Test_OrderContents" storage="/home/marc/revature/project_pizzabox_web/pizzabox.testing/bin/debug/net5.0/pizzabox.testing.dll" id="1b344adc-215d-0755-233c-5c5b2b7e5032">
      <Execution id="c0d80d21-5f7c-4139-95b4-69f72509b8c6" />
      <TestMethod codeBase="/home/marc/revature/project_pizzabox_web/PizzaBox.Testing/bin/Debug/net5.0/PizzaBox.Testing.dll" adapterTypeName="executor://xunit/VsTestRunner2/netcoreapp" className="PizzaBox.Testing.Tests.OrderTest" name="Test_OrderContents" />
    </UnitTest>
    <UnitTest name="PizzaBox.Testing.Tests.SizeTest.Test_SizeContents" storage="/home/marc/revature/project_pizzabox_web/pizzabox.testing/bin/debug/net5.0/pizzabox.testing.dll" id="0f0c8707-7781-17f0-9b60-45badbe65928">
      <Execution id="556f2b6e-cadc-4cb0-be95-3b166b9eebff" />
      <TestMethod codeBase="/home/marc/revature/project_pizzabox_web/PizzaBox.Testing/bin/Debug/net5.0/PizzaBox.Testing.dll" adapterTypeName="executor://xunit/VsTestRunner2/netcoreapp" className="PizzaBox.Testing.Tests.SizeTest" name="Test_SizeContents" />
    </UnitTest>
    <UnitTest name="PizzaBox.Testing.Tests.OrderTest.Test_PizzaCalc" storage="/home/marc/revature/project_pizzabox_web/pizzabox.testing/bin/debug/net5.0/pizzabox.testing.dll" id="4c66a340-94aa-86f0-ebef-b976d282cb29">
      <Execution id="68a312ba-d911-493d-994d-389e20fd97c1" />
      <TestMethod codeBase="/home/marc/revature/project_pizzabox_web/PizzaBox.Testing/bin/Debug/net5.0/PizzaBox.Testing.dll" adapterTypeName="executor://xunit/VsTestRunner2/netcoreapp" className="PizzaBox.Testing.Tests.OrderTest" name="Test_PizzaCalc" />
    </UnitTest>
    <UnitTest name="PizzaBox.Testing.Tests.PizzaTest.Test_PizzaContents" storage="/home/marc/revature/project_pizzabox_web/pizzabox.testing/bin/debug/net5.0/pizzabox.testing.dll" id="d4682ac5-750e-a5a4-eed5-c30dca3257ce">
      <Execution id="8d3071d7-6279-44db-aa3c-a13c6a4c4061" />
      <TestMethod codeBase="/home/marc/revature/project_pizzabox_web/PizzaBox.Testing/bin/Debug/net5.0/PizzaBox.Testing.dll" adapterTypeName="executor://xunit/VsTestRunner2/netcoreapp" className="PizzaBox.Testing.Tests.PizzaTest" name="Test_PizzaContents" />
    </UnitTest>
    <UnitTest name="PizzaBox.Testing.Tests.StoreTests.Test_StoreName" storage="/home/marc/revature/project_pizzabox_web/pizzabox.testing/bin/debug/net5.0/pizzabox.testing.dll" id="d28246f8-6477-b806-99c0-54e7f99db7c0">
      <Execution id="adf00f61-9056-4fd8-9abf-2827b51d907f" />
      <TestMethod codeBase="/home/marc/revature/project_pizzabox_web/PizzaBox.Testing/bin/Debug/net5.0/PizzaBox.Testing.dll" adapterTypeName="executor://xunit/VsTestRunner2/netcoreapp" className="PizzaBox.Testing.Tests.StoreTests" name="Test_StoreName" />
    </UnitTest>
    <UnitTest name="PizzaBox.Testing.Tests.OrderTest.Test_OrderContentstype" storage="/home/marc/revature/project_pizzabox_web/pizzabox.testing/bin/debug/net5.0/pizzabox.testing.dll" id="e1521a1a-be36-ab5d-af26-c46c7d20c230">
      <Execution id="881ee509-b836-482d-937d-b9ec69e82dbe" />
      <TestMethod codeBase="/home/marc/revature/project_pizzabox_web/PizzaBox.Testing/bin/Debug/net5.0/PizzaBox.Testing.dll" adapterTypeName="executor://xunit/VsTestRunner2/netcoreapp" className="PizzaBox.Testing.Tests.OrderTest" name="Test_OrderContentstype" />
    </UnitTest>
  </TestDefinitions>
  <TestEntries>
    <TestEntry testId="0f0c8707-7781-17f0-9b60-45badbe65928" executionId="556f2b6e-cadc-4cb0-be95-3b166b9eebff" testListId="8c84fa94-04c1-424b-9868-57a2d4851a1d" />
    <TestEntry testId="1d284cec-445e-8d9b-adec-4bc180b04231" executionId="3ce3102a-3cb6-40e0-beab-42e4f7d0f365" testListId="8c84fa94-04c1-424b-9868-57a2d4851a1d" />
    <TestEntry testId="4b972c28-cdec-5ddf-198c-c0621b3bc1ff" executionId="b0783520-8674-40d9-87af-fa887b3c5152" testListId="8c84fa94-04c1-424b-9868-57a2d4851a1d" />
    <TestEntry testId="4b972c28-cdec-5ddf-198c-c0621b3bc1ff" executionId="935a4b0e-895a-4631-95e3-188b1d7f863b" testListId="8c84fa94-04c1-424b-9868-57a2d4851a1d" />
    <TestEntry testId="4b972c28-cdec-5ddf-198c-c0621b3bc1ff" executionId="2a6c88d5-5875-40f1-a92f-e795ef697498" testListId="8c84fa94-04c1-424b-9868-57a2d4851a1d" />
    <TestEntry testId="d4682ac5-750e-a5a4-eed5-c30dca3257ce" executionId="eb6fb9ef-55d7-4edd-9129-de77ceb8dbba" testListId="8c84fa94-04c1-424b-9868-57a2d4851a1d" />
    <TestEntry testId="1d284cec-445e-8d9b-adec-4bc180b04231" executionId="6cce1e65-eaad-4ae8-b261-f4ff945e96ae" testListId="8c84fa94-04c1-424b-9868-57a2d4851a1d" />
    <TestEntry testId="1d284cec-445e-8d9b-adec-4bc180b04231" executionId="fd7b5ae8-360c-4d4a-9398-e4c52642b51e" testListId="8c84fa94-04c1-424b-9868-57a2d4851a1d" />
    <TestEntry testId="d4682ac5-750e-a5a4-eed5-c30dca3257ce" executionId="8d3071d7-6279-44db-aa3c-a13c6a4c4061" testListId="8c84fa94-04c1-424b-9868-57a2d4851a1d" />
    <TestEntry testId="4b972c28-cdec-5ddf-198c-c0621b3bc1ff" executionId="502ffb9e-863e-42ee-a9c7-85093223cc32" testListId="8c84fa94-04c1-424b-9868-57a2d4851a1d" />
    <TestEntry testId="0f0c8707-7781-17f0-9b60-45badbe65928" executionId="fdb477fb-8672-4a89-8980-31936342f0fa" testListId="8c84fa94-04c1-424b-9868-57a2d4851a1d" />
    <TestEntry testId="1d284cec-445e-8d9b-adec-4bc180b04231" executionId="f1091b7c-58ff-4268-a7ff-bed4c7c9ed05" testListId="8c84fa94-04c1-424b-9868-57a2d4851a1d" />
    <TestEntry testId="ff172ccb-c83e-4d2f-96a7-90c5db2e8ead" executionId="1f802773-021d-49ec-af5e-ad9edf894152" testListId="8c84fa94-04c1-424b-9868-57a2d4851a1d" />
    <TestEntry testId="cbc71a6b-035a-ec5b-e126-6c3898cd9752" executionId="8215a3aa-61ca-409d-a5cf-a43526194f63" testListId="8c84fa94-04c1-424b-9868-57a2d4851a1d" />
    <TestEntry testId="e1521a1a-be36-ab5d-af26-c46c7d20c230" executionId="881ee509-b836-482d-937d-b9ec69e82dbe" testListId="8c84fa94-04c1-424b-9868-57a2d4851a1d" />
    <TestEntry testId="1b344adc-215d-0755-233c-5c5b2b7e5032" executionId="c0d80d21-5f7c-4139-95b4-69f72509b8c6" testListId="8c84fa94-04c1-424b-9868-57a2d4851a1d" />
    <TestEntry testId="d28246f8-6477-b806-99c0-54e7f99db7c0" executionId="adf00f61-9056-4fd8-9abf-2827b51d907f" testListId="8c84fa94-04c1-424b-9868-57a2d4851a1d" />
    <TestEntry testId="0f0c8707-7781-17f0-9b60-45badbe65928" executionId="a9a6e39c-c406-4eea-b02f-7f8c42b7281e" testListId="8c84fa94-04c1-424b-9868-57a2d4851a1d" />
    <TestEntry testId="4c66a340-94aa-86f0-ebef-b976d282cb29" executionId="68a312ba-d911-493d-994d-389e20fd97c1" testListId="8c84fa94-04c1-424b-9868-57a2d4851a1d" />
    <TestEntry testId="d4682ac5-750e-a5a4-eed5-c30dca3257ce" executionId="86604813-aa37-449d-ab89-57047e2ca5d1" testListId="8c84fa94-04c1-424b-9868-57a2d4851a1d" />
    <TestEntry testId="d4682ac5-750e-a5a4-eed5-c30dca3257ce" executionId="d9ce0e68-396a-4ad1-a9b2-680a2d6b06c9" testListId="8c84fa94-04c1-424b-9868-57a2d4851a1d" />
    <TestEntry testId="d28246f8-6477-b806-99c0-54e7f99db7c0" executionId="54738f0e-bf1b-4d2b-88e7-927831648633" testListId="8c84fa94-04c1-424b-9868-57a2d4851a1d" />
  </TestEntries>
  <TestLists>
    <TestList name="Results Not in a List" id="8c84fa94-04c1-424b-9868-57a2d4851a1d" />
    <TestList name="All Loaded Results" id="19431567-8539-422a-85d7-44ee4e166bda" />
  </TestLists>
  <ResultSummary outcome="Completed">
    <Counters total="22" executed="22" passed="22" failed="0" error="0" timeout="0" aborted="0" inconclusive="0" passedButRunAborted="0" notRunnable="0" notExecuted="0" disconnected="0" warning="0" completed="0" inProgress="0" pending="0" />
    <Output>
      <StdOut>[xUnit.net 00:00:00.00] xUnit.net VSTest Adapter v2.4.3+1b45f5407b (64-bit .NET 5.0.5)
[xUnit.net 00:00:00.49]   Discovering: PizzaBox.Testing
[xUnit.net 00:00:00.54]   Discovered:  PizzaBox.Testing
[xUnit.net 00:00:00.54]   Starting:    PizzaBox.Testing
[xUnit.net 00:00:00.64]   Finished:    PizzaBox.Testing
</StdOut>
    </Output>
  </ResultSummary>
</TestRun>